JvmtiExport can_access_local_variables 0
JvmtiExport can_hotswap_or_post_breakpoint 0
JvmtiExport can_post_on_exceptions 0
# 178 ciObject found
instanceKlass java/util/Collections$UnmodifiableList
instanceKlass java/util/Collections$UnmodifiableSet
ciInstanceKlass java/util/Collections$UnmodifiableCollection 1 1 136 10 7 12 1 1 1 100 1 10 9 7 12 1 1 1 11 7 12 1 1 1 11 12 1 1 11 12 1 1 11 12 1 1 11 12 1 11 12 1 10 12 1 1 7 1 10 12 1 100 1 10 11 12 1 1 11 12 1 1 11 12 1 1 11 12 1 1 11 12 1 100 1 1 1 1 5 0 1 1 1 1 1 1 1 1 1 1 1 1 1 1 1 1 1 1 1 1 1 1 1 1 1 1 1 1 1 1 1 1 1 1 1 1 1 1 1 1 1 1 1 1 1 1 1 1 1 1 1 1 1 1 7 1 1 1
instanceKlass java/util/Collections$UnmodifiableMap$UnmodifiableEntrySet
ciInstanceKlass java/util/Collections$UnmodifiableSet 1 1 57 10 7 12 1 1 1 9 7 12 1 1 1 11 7 12 1 1 1 11 12 1 1 100 1 100 1 1 1 1 5 0 1 1 1 1 1 1 1 1 1 1 1 1 1 1 1 1 1 1 1 1 100 1 1 1 1
instanceKlass org/apache/catalina/webresources/Cache$EvictionOrder
instanceKlass io/micrometer/core/instrument/search/Search$$Lambda$1570+0x0000000100a5e918
instanceKlass io/micrometer/core/instrument/search/Search$$Lambda$1569+0x0000000100a5e6c8
instanceKlass io/micrometer/core/instrument/search/Search$$Lambda$1568+0x0000000100a5e498
instanceKlass io/micrometer/core/instrument/search/Search$$Lambda$1567+0x0000000100a5e248
instanceKlass io/micrometer/core/instrument/search/Search$$Lambda$1566+0x0000000100a5e000
instanceKlass org/springframework/boot/actuate/metrics/MetricsEndpoint$$Lambda$1565+0x0000000100a57d08
instanceKlass jdk/internal/vm/annotation/ForceInline
instanceKlass org/springframework/boot/actuate/beans/BeansEndpoint$1
instanceKlass org/springframework/boot/actuate/beans/BeansEndpoint$BeanDescriptor
instanceKlass org/springframework/boot/actuate/beans/BeansEndpoint$ContextBeans
instanceKlass com/fasterxml/jackson/databind/util/EnumValues
instanceKlass com/fasterxml/jackson/databind/introspect/MethodGenericTypeResolver
instanceKlass org/springframework/boot/actuate/web/mappings/MappingsEndpoint$1
instanceKlass org/springframework/boot/actuate/web/mappings/servlet/FiltersMappingDescriptionProvider$$Lambda$1564+0x0000000100a56cc8
instanceKlass org/springframework/boot/actuate/web/mappings/servlet/ServletsMappingDescriptionProvider$$Lambda$1563+0x0000000100a56a90
instanceKlass org/springframework/web/servlet/mvc/condition/PathPatternsRequestCondition$$Lambda$1562+0x0000000100a56858
instanceKlass org/springframework/boot/actuate/web/mappings/servlet/DispatcherServletsMappingDescriptionProvider$UrlHandlerMappingDescriptionProvider$$Lambda$1561+0x0000000100a56618
instanceKlass org/springframework/boot/actuate/web/mappings/servlet/RequestMappingConditionsDescription$$Lambda$1560+0x0000000100a563e0
instanceKlass org/springframework/boot/actuate/web/mappings/servlet/RequestMappingConditionsDescription$$Lambda$1559+0x0000000100a561a8
instanceKlass org/springframework/boot/actuate/web/mappings/servlet/RequestMappingConditionsDescription$$Lambda$1558+0x0000000100a55f70
instanceKlass org/springframework/web/servlet/mvc/condition/NameValueExpression
instanceKlass org/springframework/boot/actuate/web/mappings/servlet/RequestMappingConditionsDescription$NameValueExpressionDescription
instanceKlass org/springframework/boot/actuate/web/mappings/servlet/RequestMappingConditionsDescription$$Lambda$1557+0x0000000100a55920
instanceKlass org/springframework/boot/actuate/web/mappings/servlet/RequestMappingConditionsDescription$MediaTypeExpressionDescription
instanceKlass org/springframework/boot/actuate/web/mappings/servlet/RequestMappingConditionsDescription
instanceKlass org/springframework/boot/actuate/web/mappings/HandlerMethodDescription
instanceKlass org/springframework/boot/actuate/web/mappings/servlet/DispatcherServletMappingDetails
instanceKlass org/springframework/boot/actuate/web/mappings/servlet/DispatcherServletsMappingDescriptionProvider$RequestMappingInfoHandlerMappingDescriptionProvider$$Lambda$1556+0x0000000100a54e48
instanceKlass org/springframework/boot/actuate/web/mappings/servlet/DispatcherServletsMappingDescriptionProvider$$Lambda$1555+0x0000000100a54c08
instanceKlass org/springframework/boot/actuate/web/mappings/servlet/DispatcherServletHandlerMappings$TomcatServletInitializer$$Lambda$1554+0x0000000100a54698
instanceKlass org/springframework/boot/actuate/web/mappings/servlet/DispatcherServletHandlerMappings$TomcatServletInitializer$$Lambda$1553+0x0000000100a54458
instanceKlass org/springframework/boot/actuate/web/mappings/servlet/DispatcherServletHandlerMappings$TomcatServletInitializer$$Lambda$1552+0x0000000100a54208
instanceKlass org/springframework/boot/actuate/web/mappings/servlet/DispatcherServletHandlerMappings$TomcatServletInitializer
instanceKlass org/springframework/boot/web/embedded/undertow/UndertowWebServer
instanceKlass org/springframework/boot/actuate/web/mappings/servlet/DispatcherServletsMappingDescriptionProvider$$Lambda$1551+0x0000000100a4f808
instanceKlass org/springframework/boot/actuate/web/mappings/servlet/DispatcherServletsMappingDescriptionProvider$$Lambda$1550+0x0000000100a4f5d8
instanceKlass org/springframework/boot/actuate/web/mappings/servlet/DispatcherServletsMappingDescriptionProvider$$Lambda$1549+0x0000000100a4f3a8
instanceKlass org/springframework/boot/actuate/web/mappings/MappingsEndpoint$$Lambda$1548+0x0000000100a4f178
instanceKlass org/springframework/boot/actuate/autoconfigure/condition/ConditionsReportEndpoint$1
instanceKlass org/springframework/boot/actuate/autoconfigure/condition/ConditionsReportEndpoint$ContextConditionEvaluation$$Lambda$1547+0x0000000100a4eaf0
instanceKlass org/springframework/boot/actuate/autoconfigure/condition/ConditionsReportEndpoint$MessageAndCondition
instanceKlass org/springframework/boot/actuate/autoconfigure/condition/ConditionsReportEndpoint$MessageAndConditions
instanceKlass org/springframework/boot/actuate/autoconfigure/condition/ConditionsReportEndpoint$ContextConditionEvaluation$$Lambda$1546+0x0000000100a4e490
instanceKlass org/springframework/boot/actuate/autoconfigure/condition/ConditionsReportEndpoint$ContextConditionEvaluation
instanceKlass com/fasterxml/jackson/databind/util/ObjectBuffer
instanceKlass com/fasterxml/jackson/databind/deser/ContextualKeyDeserializer
instanceKlass com/fasterxml/jackson/databind/ser/std/NumberSerializers$1
instanceKlass com/fasterxml/jackson/databind/ser/std/StdKeySerializers
instanceKlass com/fasterxml/jackson/databind/introspect/AnnotationCollector$OneAnnotation
instanceKlass com/fasterxml/jackson/annotation/JacksonAnnotationsInside
instanceKlass com/fasterxml/jackson/databind/ser/impl/PropertySerializerMap$SerializerAndMapResult
instanceKlass com/fasterxml/jackson/annotation/JsonFilter
instanceKlass com/fasterxml/jackson/databind/annotation/JsonAppend
instanceKlass com/fasterxml/jackson/databind/introspect/POJOPropertyBuilder$1
instanceKlass com/fasterxml/jackson/databind/ser/PropertyBuilder$1
instanceKlass com/fasterxml/jackson/databind/BeanProperty$Std
instanceKlass com/fasterxml/jackson/databind/introspect/POJOPropertyBuilder$2
instanceKlass com/fasterxml/jackson/annotation/JsonTypeId
instanceKlass com/fasterxml/jackson/databind/introspect/POJOPropertyBuilder$3
instanceKlass com/fasterxml/jackson/annotation/JsonInclude
instanceKlass com/fasterxml/jackson/databind/ser/PropertyBuilder
instanceKlass com/fasterxml/jackson/annotation/JsonIgnoreType
instanceKlass com/fasterxml/jackson/databind/ser/BeanSerializerBuilder
instanceKlass com/fasterxml/jackson/databind/util/BeanUtil
instanceKlass com/fasterxml/jackson/databind/ext/Java7Handlers
instanceKlass org/w3c/dom/Document
instanceKlass com/fasterxml/jackson/databind/ext/OptionalHandlerFactory
instanceKlass com/fasterxml/jackson/annotation/JsonPropertyDescription
instanceKlass com/fasterxml/jackson/annotation/JsonPropertyOrder
instanceKlass com/fasterxml/jackson/databind/annotation/JsonNaming
instanceKlass com/fasterxml/jackson/annotation/JacksonInject
instanceKlass com/fasterxml/jackson/databind/introspect/POJOPropertyBuilder$6
instanceKlass com/fasterxml/jackson/databind/introspect/POJOPropertyBuilder$5
instanceKlass com/fasterxml/jackson/annotation/JsonCreator
instanceKlass com/fasterxml/jackson/annotation/JsonSetter
instanceKlass org/springframework/boot/actuate/env/EnvironmentEndpoint$1
instanceKlass com/fasterxml/jackson/databind/introspect/AnnotatedMethodMap
instanceKlass com/fasterxml/jackson/databind/introspect/AnnotatedMethodCollector$MethodBuilder
instanceKlass com/fasterxml/jackson/databind/introspect/MemberKey
instanceKlass com/fasterxml/jackson/databind/introspect/POJOPropertyBuilder$Linked
instanceKlass com/fasterxml/jackson/databind/AnnotationIntrospector$ReferenceProperty
instanceKlass com/fasterxml/jackson/databind/introspect/POJOPropertyBuilder$WithMember
instanceKlass com/fasterxml/jackson/annotation/JsonIgnore
instanceKlass com/fasterxml/jackson/annotation/JsonAutoDetect$1
instanceKlass com/fasterxml/jackson/annotation/JsonProperty
instanceKlass com/fasterxml/jackson/annotation/JsonGetter
instanceKlass com/fasterxml/jackson/annotation/JsonAnySetter
instanceKlass com/fasterxml/jackson/annotation/JsonAnyGetter
instanceKlass com/fasterxml/jackson/annotation/JsonValue
instanceKlass com/fasterxml/jackson/annotation/JsonKey
instanceKlass com/fasterxml/jackson/databind/introspect/AnnotatedFieldCollector$FieldBuilder
instanceKlass com/fasterxml/jackson/databind/introspect/TypeResolutionContext$Basic
instanceKlass com/fasterxml/jackson/databind/introspect/AnnotationMap
instanceKlass com/fasterxml/jackson/databind/introspect/CollectorBase
instanceKlass com/fasterxml/jackson/databind/util/TypeKey
instanceKlass com/fasterxml/jackson/databind/ser/impl/ReadOnlyClassToSerializerMap$Bucket
instanceKlass com/fasterxml/jackson/databind/ser/impl/ReadOnlyClassToSerializerMap
instanceKlass com/fasterxml/jackson/databind/util/TokenBuffer$Segment
instanceKlass com/fasterxml/jackson/core/util/JacksonFeatureSet
instanceKlass com/fasterxml/jackson/core/JsonStreamContext
instanceKlass org/springframework/boot/origin/JarUri
instanceKlass org/springframework/boot/origin/SystemEnvironmentOrigin
instanceKlass org/springframework/boot/actuate/endpoint/Sanitizer$$Lambda$1545+0x0000000100a3f5e8
instanceKlass org/springframework/boot/actuate/env/EnvironmentEndpoint$$Lambda$1544+0x0000000100a3f3b8
instanceKlass org/springframework/boot/actuate/env/EnvironmentEndpoint$$Lambda$1543+0x0000000100a3f188
instanceKlass org/springframework/boot/actuate/env/EnvironmentEndpoint$$Lambda$1542+0x0000000100a3ed10
instanceKlass java/util/stream/ReferencePipeline$$Lambda$1541+0x0000000100778040
instanceKlass org/springframework/boot/actuate/endpoint/invoke/reflect/ReflectiveOperationInvoker$$Lambda$1540+0x0000000100a3ead0
instanceKlass org/springframework/boot/actuate/endpoint/invoke/reflect/ReflectiveOperationInvoker$$Lambda$1539+0x0000000100a3e880
instanceKlass org/springframework/boot/actuate/endpoint/InvocationContext$$Lambda$1538+0x0000000100a3e668
instanceKlass org/springframework/boot/actuate/endpoint/InvocationContext$$Lambda$1537+0x0000000100a3e448
instanceKlass org/springframework/boot/actuate/endpoint/InvocationContext$$Lambda$1536+0x0000000100a3e228
instanceKlass org/springframework/boot/actuate/endpoint/OperationArgumentResolver$1
instanceKlass org/springframework/boot/actuate/endpoint/InvocationContext$$Lambda$1535+0x0000000100a3bd08
instanceKlass org/springframework/boot/actuate/endpoint/OperationArgumentResolver
instanceKlass org/springframework/boot/actuate/endpoint/SecurityContext$1
instanceKlass org/springframework/boot/actuate/endpoint/InvocationContext
instanceKlass org/springframework/boot/actuate/endpoint/jmx/EndpointMBean$$Lambda$1534+0x0000000100a3b078
instanceKlass org/springframework/boot/actuate/endpoint/jmx/EndpointMBean$$Lambda$1533+0x0000000100a3ae40
instanceKlass javax/management/remote/rmi/RMIConnectionImpl$7
instanceKlass java/io/Console
instanceKlass org/springframework/boot/devtools/restart/Restarter$$Lambda$1532+0x0000000100a3a7b8
instanceKlass org/springframework/boot/SpringApplicationRunListeners$$Lambda$1531+0x0000000100a3a398
instanceKlass org/springframework/boot/CommandLineRunner
instanceKlass org/springframework/boot/ApplicationRunner
instanceKlass io/micrometer/core/instrument/binder/tomcat/TomcatMetrics$$Lambda$1530+0x0000000100a399b0
instanceKlass io/micrometer/core/instrument/binder/tomcat/TomcatMetrics$$Lambda$1529+0x0000000100a39798
instanceKlass io/micrometer/core/instrument/binder/tomcat/TomcatMetrics$$Lambda$1528+0x0000000100a39580
instanceKlass io/micrometer/core/instrument/binder/tomcat/TomcatMetrics$$Lambda$1527+0x0000000100a39368
instanceKlass io/micrometer/core/instrument/binder/tomcat/TomcatMetrics$$Lambda$1526+0x0000000100a39150
instanceKlass io/micrometer/core/instrument/binder/tomcat/TomcatMetrics$$Lambda$1525+0x0000000100a38f38
instanceKlass io/micrometer/core/instrument/binder/tomcat/TomcatMetrics$$Lambda$1524+0x0000000100a38d08
instanceKlass io/micrometer/core/instrument/binder/tomcat/TomcatMetrics$$Lambda$1523+0x0000000100a38ad8
instanceKlass io/micrometer/core/instrument/binder/tomcat/TomcatMetrics$$Lambda$1522+0x0000000100a388a8
instanceKlass javax/management/NotificationBroadcasterSupport$ListenerInfo
instanceKlass com/sun/jmx/interceptor/DefaultMBeanServerInterceptor$ListenerWrapper
instanceKlass io/micrometer/core/instrument/binder/tomcat/TomcatMetrics$$Lambda$1521+0x0000000100a38688
instanceKlass io/micrometer/core/instrument/binder/tomcat/TomcatMetrics$1
instanceKlass io/micrometer/core/instrument/binder/tomcat/TomcatMetrics$$Lambda$1520+0x0000000100a38230
instanceKlass org/springframework/boot/SpringApplicationRunListeners$$Lambda$1519+0x0000000100a38000
instanceKlass java/util/AbstractMap$1$1
instanceKlass org/springframework/beans/CachedIntrospectionResults$$Lambda$1518+0x0000000100a33d28
instanceKlass org/springframework/beans/CachedIntrospectionResults$$Lambda$1517+0x0000000100a33ad8
instanceKlass org/springframework/beans/CachedIntrospectionResults$$Lambda$1516+0x0000000100a33888
instanceKlass org/springframework/context/support/LiveBeansView
instanceKlass org/springframework/context/support/LiveBeansViewMBean
instanceKlass org/springframework/boot/autoconfigure/condition/ConditionEvaluationReport$$Lambda$1515+0x0000000100a331f8
instanceKlass org/springframework/boot/autoconfigure/condition/ConditionEvaluationReport$$Lambda$1514+0x0000000100a32fc8
instanceKlass org/springframework/boot/web/embedded/tomcat/TomcatWebServer$$Lambda$1513+0x0000000100a32b70
instanceKlass org/springframework/boot/web/embedded/tomcat/TomcatWebServer$$Lambda$1512+0x0000000100a32930
instanceKlass org/springframework/boot/web/embedded/tomcat/TomcatWebServer$$Lambda$1511+0x0000000100a326e0
instanceKlass org/apache/catalina/TrackedWebResource
instanceKlass org/apache/catalina/webresources/AbstractResource
instanceKlass org/apache/jasper/servlet/JspCServletContext
instanceKlass org/apache/jasper/compiler/Node$Visitor
instanceKlass org/apache/jasper/compiler/tagplugin/TagPluginContext
instanceKlass org/apache/jasper/compiler/TagPluginManager
instanceKlass org/apache/jasper/EmbeddedServletOptions
instanceKlass org/apache/jasper/Constants
instanceKlass javax/servlet/SingleThreadModel
instanceKlass javax/servlet/annotation/MultipartConfig
instanceKlass org/apache/catalina/ContainerServlet
instanceKlass org/springframework/boot/web/embedded/tomcat/TomcatEmbeddedContext$$Lambda$1510+0x0000000100a355e8
instanceKlass org/springframework/boot/web/embedded/tomcat/TomcatEmbeddedContext$$Lambda$1509+0x0000000100a353b0
instanceKlass org/springframework/boot/web/embedded/tomcat/TomcatEmbeddedContext$$Lambda$1508+0x0000000100a35178
instanceKlass org/apache/coyote/AbstractProtocol$$Lambda$1507+0x0000000100a34f58
instanceKlass org/springframework/boot/web/embedded/tomcat/TomcatEmbeddedContext$$Lambda$1506+0x0000000100a34d38
instanceKlass org/apache/coyote/AbstractProtocol$$Lambda$1505+0x0000000100a34b18
instanceKlass org/apache/tomcat/util/net/Acceptor
instanceKlass java/nio/channels/spi/AbstractSelector$1
instanceKlass java/nio/BufferMismatch
instanceKlass java/nio/channels/spi/AbstractInterruptibleChannel$1
instanceKlass sun/nio/ch/Interruptible
instanceKlass sun/nio/ch/UnixDomainSocketsUtil$$Lambda$1504+0x0000000100775060
instanceKlass sun/nio/ch/UnixDomainSocketsUtil
instanceKlass sun/nio/ch/UnixDomainSockets
instanceKlass sun/nio/ch/PipeImpl$Initializer$LoopbackConnector
instanceKlass sun/nio/ch/PipeImpl$Initializer
instanceKlass java/nio/channels/Pipe
instanceKlass sun/nio/ch/NativeObject
instanceKlass sun/nio/ch/PollArrayWrapper
instanceKlass sun/nio/ch/WindowsSelectorImpl$FinishLock
instanceKlass sun/nio/ch/WindowsSelectorImpl$StartLock
instanceKlass sun/nio/ch/WindowsSelectorImpl$SubSelector
instanceKlass java/nio/channels/SelectionKey
instanceKlass sun/nio/ch/Util$2
instanceKlass java/nio/channels/Selector
instanceKlass org/apache/tomcat/util/collections/SynchronizedQueue
instanceKlass org/apache/tomcat/util/net/NioEndpoint$Poller
instanceKlass org/apache/tomcat/util/threads/ThreadPoolExecutor$RejectPolicy
instanceKlass org/apache/tomcat/util/threads/ThreadPoolExecutor$RejectedExecutionHandler
instanceKlass sun/nio/ch/ServerSocketAdaptor$$Lambda$1503+0x0000000100770828
instanceKlass sun/nio/ch/SelChImpl
instanceKlass sun/nio/ch/DefaultSelectorProvider$$Lambda$1502+0x000000010076fd00
instanceKlass sun/nio/ch/DefaultSelectorProvider
instanceKlass java/nio/channels/spi/SelectorProvider$Holder$$Lambda$1501+0x000000010076f448
instanceKlass java/nio/channels/spi/SelectorProvider$Holder
instanceKlass java/nio/channels/spi/SelectorProvider
instanceKlass org/springframework/context/support/DefaultLifecycleProcessor$$Lambda$1500+0x0000000100a2ea90
instanceKlass java/lang/invoke/LambdaForm$DMH+0x0000000100a31c00
instanceKlass org/springframework/context/support/DefaultLifecycleProcessor$LifecycleGroupMember
instanceKlass java/lang/invoke/LambdaForm$MH+0x0000000100a31800
instanceKlass java/lang/invoke/LambdaForm$DMH+0x0000000100a31400
instanceKlass java/lang/invoke/LambdaForm$DMH+0x0000000100a31000
instanceKlass org/springframework/context/support/DefaultLifecycleProcessor$$Lambda$1499+0x0000000100a2e620
instanceKlass java/lang/invoke/LambdaForm$DMH+0x0000000100a30c00
instanceKlass java/lang/invoke/LambdaForm$MH+0x0000000100a30800
instanceKlass java/lang/invoke/LambdaForm$DMH+0x0000000100a30400
instanceKlass org/springframework/context/support/DefaultLifecycleProcessor$$Lambda$1498+0x0000000100a2e3f0
instanceKlass java/lang/invoke/LambdaForm$DMH+0x0000000100a30000
instanceKlass org/springframework/jmx/export/naming/SelfNaming
instanceKlass org/springframework/jmx/export/MBeanExporter$$Lambda$1497+0x0000000100a2dfc8
instanceKlass org/springframework/jmx/export/annotation/ManagedResource
instanceKlass org/springframework/jmx/export/MBeanExporter$$Lambda$1496+0x0000000100a2dbb0
instanceKlass org/springframework/jmx/export/MBeanExporter$$Lambda$1495+0x0000000100a2d990
instanceKlass javax/servlet/descriptor/JspConfigDescriptor
instanceKlass org/springframework/context/event/EventListenerMethodProcessor$$Lambda$1494+0x0000000100a2d580
instanceKlass org/springframework/context/event/EventListener
instanceKlass org/springframework/boot/actuate/endpoint/web/servlet/ControllerEndpointHandlerMapping$$Lambda$1493+0x0000000100a2cf30
instanceKlass org/springframework/boot/actuate/endpoint/web/servlet/ControllerEndpointHandlerMapping$$Lambda$1492+0x0000000100a2cd00
instanceKlass org/springframework/boot/actuate/endpoint/web/servlet/WebMvcEndpointHandlerMapping$WebMvcLinksHandler
instanceKlass org/springframework/boot/actuate/endpoint/web/servlet/AbstractWebMvcEndpointHandlerMapping$ServletWebOperationAdapter
instanceKlass org/springframework/boot/actuate/endpoint/web/servlet/SkipPathExtensionContentNegotiation
instanceKlass org/springframework/boot/actuate/endpoint/web/servlet/AbstractWebMvcEndpointHandlerMapping$OperationHandler
instanceKlass org/springframework/boot/actuate/endpoint/web/EndpointLinksResolver
instanceKlass org/springframework/boot/actuate/endpoint/web/servlet/AbstractWebMvcEndpointHandlerMapping$LinksHandler
instanceKlass org/springframework/boot/actuate/endpoint/web/servlet/AbstractWebMvcEndpointHandlerMapping$ServletWebOperation
instanceKlass org/springframework/boot/actuate/endpoint/web/EndpointMapping
instanceKlass org/springframework/boot/devtools/restart/Restarter$LeakSafeThreadFactory$$Lambda$1491+0x0000000100a2b500
instanceKlass org/springframework/boot/devtools/livereload/LiveReloadServer$$Lambda$1490+0x0000000100a2b2e0
instanceKlass org/springframework/boot/devtools/livereload/Connection
instanceKlass org/springframework/boot/devtools/livereload/LiveReloadServer$WorkerThreadFactory
instanceKlass org/springframework/boot/devtools/restart/Restarter$LeakSafeThreadFactory
instanceKlass org/springframework/beans/factory/support/AbstractBeanFactory$$Lambda$1489+0x0000000100a2aa50
instanceKlass org/springframework/boot/devtools/filewatch/FileSystemWatcher$Watcher
instanceKlass org/springframework/boot/devtools/filewatch/FileSnapshot
instanceKlass org/springframework/boot/devtools/filewatch/DirectorySnapshot$$Lambda$1488+0x0000000100a2a3f8
instanceKlass org/springframework/boot/devtools/filewatch/FileSystemWatcher$$Lambda$1487+0x0000000100a2a1c8
instanceKlass org/springframework/boot/devtools/filewatch/DirectorySnapshot
instanceKlass org/springframework/boot/devtools/classpath/ClassPathFileChangeListener
instanceKlass org/springframework/boot/devtools/filewatch/FileSystemWatcher$$Lambda$1486+0x0000000100a29b60
instanceKlass org/springframework/boot/devtools/filewatch/FileSystemWatcher$$Lambda$1485+0x0000000100a29930
instanceKlass org/springframework/boot/devtools/classpath/ClassPathDirectories
instanceKlass org/springframework/boot/devtools/filewatch/StaticSnapshotStateRepository
instanceKlass org/springframework/boot/devtools/filewatch/SnapshotStateRepository$1
instanceKlass org/springframework/boot/devtools/filewatch/SnapshotStateRepository
instanceKlass org/springframework/boot/devtools/filewatch/FileChangeListener
instanceKlass org/springframework/boot/devtools/filewatch/ChangedFile
instanceKlass org/springframework/boot/devtools/classpath/PatternClassPathRestartStrategy
instanceKlass org/springframework/boot/devtools/autoconfigure/LocalDevToolsAutoConfiguration$RestartConfiguration$$Lambda$1484+0x0000000100a28850
instanceKlass org/springframework/boot/devtools/autoconfigure/LocalDevToolsAutoConfiguration$RestartConfiguration$$Lambda$1483+0x0000000100a28630
instanceKlass org/springframework/boot/devtools/autoconfigure/RemoteDevToolsProperties$Proxy
instanceKlass org/springframework/boot/devtools/autoconfigure/RemoteDevToolsProperties$Restart
instanceKlass org/springframework/ws/client/core/FaultMessageResolver
instanceKlass org/springframework/ws/client/support/interceptor/ClientInterceptor
instanceKlass org/springframework/ws/WebServiceMessageFactory
instanceKlass org/springframework/ws/client/support/destination/DestinationProvider
instanceKlass org/springframework/boot/webservices/client/WebServiceTemplateBuilder$WebServiceMessageSenders
instanceKlass org/springframework/boot/webservices/client/WebServiceTemplateCustomizer
instanceKlass org/springframework/ws/soap/server/endpoint/SoapFaultDefinition
instanceKlass org/springframework/xml/transform/TraxUtils$ResultCallback
instanceKlass org/springframework/ws/stream/StreamingPayload
instanceKlass org/springframework/xml/transform/TraxUtils$SourceCallback
instanceKlass org/dom4j/Element
instanceKlass org/dom4j/Branch
instanceKlass org/dom4j/Node
instanceKlass org/springframework/ws/soap/server/endpoint/adapter/method/SoapHeaderElementMethodArgumentResolver
instanceKlass org/springframework/ws/soap/server/endpoint/adapter/method/SoapMethodArgumentResolver
instanceKlass org/springframework/ws/server/endpoint/adapter/method/XPathParamMethodArgumentResolver
instanceKlass com/sun/org/apache/xerces/internal/impl/PropertyManager
instanceKlass javax/xml/stream/XMLInputFactory
instanceKlass org/springframework/xml/XMLInputFactoryUtils
instanceKlass org/springframework/ws/server/endpoint/adapter/method/MessageContextMethodArgumentResolver
instanceKlass org/springframework/ws/server/endpoint/adapter/method/MethodReturnValueHandler
instanceKlass org/springframework/ws/server/endpoint/adapter/method/MethodArgumentResolver
instanceKlass org/springframework/ws/server/endpoint/annotation/PayloadRoot
instanceKlass org/springframework/xml/transform/TransformerFactoryUtils
instanceKlass org/springframework/web/multipart/MultipartHttpServletRequest
instanceKlass org/springframework/web/multipart/MultipartRequest
instanceKlass org/springframework/transaction/support/TransactionCallback
instanceKlass org/springframework/boot/task/TaskSchedulerBuilder$$Lambda$1482+0x0000000100a25ac8
instanceKlass org/springframework/boot/autoconfigure/task/ScheduledBeanLazyInitializationExcludeFilter
instanceKlass org/springframework/boot/task/TaskSchedulerCustomizer
instanceKlass org/springframework/scheduling/annotation/SchedulingConfigurer
instanceKlass org/springframework/jdbc/core/PreparedStatementCreatorFactory
instanceKlass org/springframework/jdbc/core/namedparam/NamedParameterJdbcTemplate$$Lambda$1481+0x0000000100a24e30
instanceKlass org/springframework/jdbc/core/namedparam/ParsedSql
instanceKlass org/springframework/jdbc/core/namedparam/NamedParameterUtils
instanceKlass org/springframework/jdbc/core/namedparam/SqlParameterSource
instanceKlass org/springframework/jdbc/support/rowset/SqlRowSet
instanceKlass org/springframework/jdbc/core/ParameterizedPreparedStatementSetter
instanceKlass org/springframework/jdbc/core/RowCallbackHandler
instanceKlass org/springframework/jdbc/core/CallableStatementCallback
instanceKlass org/springframework/jdbc/support/KeyHolder
instanceKlass sun/reflect/misc/Trampoline
instanceKlass sun/reflect/misc/MethodUtil$1
instanceKlass org/springframework/web/bind/annotation/PathVariable
instanceKlass org/springframework/data/rest/webmvc/support/BackendId
instanceKlass org/springframework/web/bind/annotation/RequestBody
instanceKlass org/springframework/data/rest/webmvc/BasePathAwareHandlerMapping$$Lambda$1480+0x0000000100a1eb20
instanceKlass org/springframework/data/rest/webmvc/BasePathAwareHandlerMapping$$Lambda$1479+0x0000000100a1e8e8
instanceKlass org/springframework/web/servlet/mvc/method/RequestMappingInfo$MutateBuilder
instanceKlass org/springframework/data/rest/webmvc/RepositoryRestHandlerMapping$$Lambda$1478+0x0000000100a1e400
instanceKlass org/springframework/data/rest/webmvc/RepositoryRestHandlerMapping$$Lambda$1477+0x0000000100a1e1e8
instanceKlass org/springframework/data/rest/webmvc/RepositoryRestHandlerMapping$$Lambda$1476+0x0000000100a1dfb0
instanceKlass org/springframework/data/rest/webmvc/RepositoryRestHandlerMapping$RepositoryCorsConfigurationAccessor
instanceKlass org/springframework/data/rest/core/mapping/HttpMethods$$Lambda$1475+0x0000000100a1d510
instanceKlass org/springframework/data/rest/webmvc/config/HalFormsAdaptingResponseBodyAdvice
instanceKlass javax/naming/Name
instanceKlass org/springframework/data/rest/webmvc/json/JacksonMetadata
instanceKlass org/springframework/data/rest/webmvc/json/JsonSchema$Definitions
instanceKlass org/springframework/data/rest/webmvc/json/JsonSchema$AbstractJsonSchemaProperty
instanceKlass org/springframework/data/rest/webmvc/json/PersistentEntityToJsonSchemaConverter$JsonSchemaPropertyRegistrar
instanceKlass org/springframework/data/rest/webmvc/json/PersistentEntityToJsonSchemaConverter$DefaultMessageResolver
instanceKlass org/springframework/data/rest/webmvc/json/JsonSchemaPropertyCustomizer
instanceKlass org/springframework/data/rest/webmvc/json/PersistentEntityToJsonSchemaConverter$ValueTypeSchemaPropertyCustomizerFactory
instanceKlass org/springframework/hateoas/server/core/MethodParameters
instanceKlass org/springframework/data/rest/webmvc/RepositoryPropertyReferenceController$ReferencedProperty
instanceKlass org/springframework/data/rest/webmvc/support/DefaultedPageable
instanceKlass org/springframework/data/rest/webmvc/ResourceStatus
instanceKlass org/springframework/data/rest/webmvc/HttpHeadersPreparer$$Lambda$1474+0x0000000100a176f0
instanceKlass org/springframework/data/auditing/MappingAuditableBeanWrapperFactory$MappingAuditingMetadata
instanceKlass org/springframework/data/auditing/DefaultAuditableBeanWrapperFactory$$Lambda$1473+0x0000000100a172b0
instanceKlass org/springframework/data/convert/ThreeTenBackPortConverters
instanceKlass org/springframework/data/auditing/DefaultAuditableBeanWrapperFactory$$Lambda$1472+0x0000000100a16e80
instanceKlass org/springframework/data/auditing/DefaultAuditableBeanWrapperFactory$$Lambda$1471+0x0000000100a16c50
instanceKlass org/springframework/data/convert/JodaTimeConverters
instanceKlass org/springframework/data/auditing/AuditableBeanWrapper
instanceKlass org/springframework/data/auditing/DefaultAuditableBeanWrapperFactory
instanceKlass org/springframework/data/rest/webmvc/PersistentEntityResourceAssembler
instanceKlass org/springframework/hateoas/PagedModel$PageMetadata
instanceKlass org/springframework/hateoas/server/core/ControllerEntityLinks$$Lambda$1470+0x0000000100a15a60
instanceKlass org/springframework/hateoas/server/ExposesResourceFor
instanceKlass org/springframework/hateoas/server/core/MethodInvocation
instanceKlass org/springframework/hateoas/server/core/LinkBuilderSupport
instanceKlass org/springframework/hateoas/config/WebMvcEntityLinksConfiguration$$Lambda$1469+0x0000000100a14a30
instanceKlass org/springframework/hateoas/server/core/Relation
instanceKlass com/fasterxml/jackson/databind/jsonFormatVisitors/JsonObjectFormatVisitor
instanceKlass com/fasterxml/jackson/databind/util/NameTransformer
instanceKlass com/fasterxml/jackson/databind/ser/impl/PropertySerializerMap
instanceKlass com/fasterxml/jackson/databind/jsontype/TypeSerializer
instanceKlass com/fasterxml/jackson/databind/PropertyMetadata
instanceKlass org/springframework/hateoas/AffordanceModel$PayloadMetadata
instanceKlass org/springframework/hateoas/mediatype/hal/forms/HalFormsPropertyFactory
instanceKlass org/springframework/hateoas/mediatype/hal/forms/HalFormsTemplateBuilder
instanceKlass org/springframework/hateoas/client/JsonPathLinkDiscoverer
instanceKlass org/springframework/data/spel/spi/Function
instanceKlass org/springframework/data/jpa/repository/support/JpaEvaluationContextExtension$JpaRootObject
instanceKlass org/springframework/context/support/DefaultLifecycleProcessor$LifecycleGroup
instanceKlass org/springframework/boot/admin/SpringApplicationAdminMXBeanRegistrar$SpringApplicationAdmin
instanceKlass org/springframework/boot/admin/SpringApplicationAdminMXBean
instanceKlass org/springframework/web/util/UriTemplateHandler
instanceKlass org/springframework/boot/actuate/metrics/web/client/MetricsClientHttpRequestInterceptor
instanceKlass org/springframework/http/client/ClientHttpRequestInterceptor
instanceKlass org/springframework/http/client/ClientHttpResponse
instanceKlass org/springframework/boot/web/client/RestTemplateRequestCustomizer
instanceKlass org/springframework/boot/actuate/metrics/jdbc/DataSourcePoolMetrics$$Lambda$1468+0x0000000100a10ba0
instanceKlass org/springframework/boot/actuate/metrics/jdbc/DataSourcePoolMetrics$$Lambda$1467+0x0000000100a10968
instanceKlass org/springframework/boot/actuate/metrics/jdbc/DataSourcePoolMetrics$$Lambda$1466+0x0000000100a10730
instanceKlass org/springframework/boot/actuate/metrics/jdbc/DataSourcePoolMetrics$$Lambda$1465+0x0000000100a10510
instanceKlass org/springframework/boot/actuate/metrics/jdbc/DataSourcePoolMetrics$CachingDataSourcePoolMetadataProvider$$Lambda$1464+0x0000000100a0ba60
instanceKlass org/springframework/boot/actuate/metrics/jdbc/DataSourcePoolMetrics$$Lambda$1463+0x0000000100a0b828
instanceKlass org/springframework/boot/actuate/metrics/jdbc/DataSourcePoolMetrics$CachingDataSourcePoolMetadataProvider
instanceKlass org/springframework/boot/actuate/metrics/jdbc/DataSourcePoolMetrics
instanceKlass org/springframework/boot/actuate/autoconfigure/metrics/jdbc/DataSourcePoolMetricsAutoConfiguration$DataSourcePoolMetadataMetricsConfiguration$$Lambda$1462+0x0000000100a0b1a0
instanceKlass com/zaxxer/hikari/metrics/micrometer/MicrometerMetricsTracker$$Lambda$1461+0x0000000100a0af88
instanceKlass com/zaxxer/hikari/metrics/micrometer/MicrometerMetricsTracker$$Lambda$1460+0x0000000100a0ad70
instanceKlass com/zaxxer/hikari/metrics/micrometer/MicrometerMetricsTracker$$Lambda$1459+0x0000000100a0ab58
instanceKlass com/zaxxer/hikari/metrics/micrometer/MicrometerMetricsTracker$$Lambda$1458+0x0000000100a0a940
instanceKlass com/zaxxer/hikari/metrics/micrometer/MicrometerMetricsTracker$$Lambda$1457+0x0000000100a0a728
instanceKlass com/zaxxer/hikari/metrics/micrometer/MicrometerMetricsTracker$$Lambda$1456+0x0000000100a0a510
instanceKlass com/zaxxer/hikari/metrics/micrometer/MicrometerMetricsTracker
instanceKlass com/zaxxer/hikari/pool/PoolBase$MetricsTrackerDelegate
instanceKlass com/zaxxer/hikari/metrics/IMetricsTracker
instanceKlass com/zaxxer/hikari/metrics/micrometer/MicrometerMetricsTrackerFactory
instanceKlass org/springframework/boot/actuate/endpoint/web/annotation/RestControllerEndpoint
instanceKlass org/springframework/boot/actuate/endpoint/web/annotation/ControllerEndpoint
instanceKlass org/springframework/boot/actuate/endpoint/web/annotation/WebEndpointDiscoverer$$Lambda$1455+0x0000000100a0f420
instanceKlass org/springframework/boot/actuate/endpoint/web/annotation/DiscoveredWebOperation$$Lambda$1454+0x0000000100a0f1e0
instanceKlass org/springframework/boot/actuate/endpoint/web/annotation/DiscoveredWebOperation$$Lambda$1453+0x0000000100a0ef90
instanceKlass org/springframework/boot/actuate/endpoint/web/WebOperationRequestPredicate
instanceKlass org/springframework/boot/actuate/endpoint/web/annotation/RequestPredicateFactory$$Lambda$1452+0x0000000100a0e4b0
instanceKlass org/springframework/boot/actuate/endpoint/web/annotation/RequestPredicateFactory$$Lambda$1451+0x0000000100a0e260
instanceKlass org/springframework/boot/actuate/endpoint/annotation/EndpointDiscoverer$$Lambda$1450+0x0000000100a0e040
instanceKlass org/springframework/boot/actuate/endpoint/web/PathMappedEndpoints$$Lambda$1449+0x0000000100a0db60
instanceKlass org/springframework/boot/actuate/endpoint/web/PathMappedEndpoints$$Lambda$1448+0x0000000100a0d930
instanceKlass org/springframework/boot/actuate/autoconfigure/endpoint/web/WebEndpointAutoConfiguration$$Lambda$1447+0x0000000100a0d718
instanceKlass org/springframework/boot/actuate/endpoint/web/annotation/RequestPredicateFactory
instanceKlass org/springframework/boot/actuate/endpoint/web/WebOperation
instanceKlass org/springframework/util/MimeType$$Lambda$1446+0x0000000100a0d0e0
instanceKlass org/springframework/boot/LazyInitializationExcludeFilter$$Lambda$1445+0x0000000100a0cae0
instanceKlass java/lang/invoke/LambdaForm$DMH+0x0000000100a08800
instanceKlass org/springframework/boot/actuate/endpoint/jmx/EndpointMBean$$Lambda$1444+0x0000000100a0c8b0
instanceKlass javax/management/modelmbean/DescriptorSupport
instanceKlass org/springframework/boot/actuate/endpoint/jmx/MBeanInfoFactory$$Lambda$1443+0x0000000100a0c698
instanceKlass org/springframework/boot/actuate/endpoint/jmx/MBeanInfoFactory$$Lambda$1442+0x0000000100a0c458
instanceKlass org/springframework/boot/actuate/endpoint/jmx/MBeanInfoFactory$$Lambda$1441+0x0000000100a0c240
instanceKlass org/springframework/boot/actuate/endpoint/jmx/MBeanInfoFactory$$Lambda$1440+0x0000000100a0c000
instanceKlass javax/management/DescriptorAccess
instanceKlass org/springframework/boot/actuate/endpoint/jmx/MBeanInfoFactory
instanceKlass org/springframework/boot/actuate/endpoint/jmx/EndpointMBean
instanceKlass org/springframework/jmx/support/ObjectNameManager
instanceKlass com/sun/jmx/mbeanserver/Repository$ObjectNamePattern
instanceKlass org/springframework/boot/actuate/endpoint/jmx/JmxEndpointExporter$$Lambda$1439+0x0000000100a076a8
instanceKlass org/springframework/boot/actuate/web/mappings/MappingsEndpoint$ContextMappings
instanceKlass org/springframework/boot/actuate/web/mappings/MappingsEndpoint$ApplicationMappings
instanceKlass org/springframework/boot/actuate/web/mappings/servlet/RegistrationMappingDescription
instanceKlass org/springframework/boot/actuate/web/mappings/servlet/DispatcherServletMappingDescription
